{
  "stats": {
    "suites": 1,
    "tests": 1,
    "passes": 0,
    "pending": 0,
    "failures": 1,
    "start": "2024-10-23T03:26:33.565Z",
    "end": "2024-10-23T03:26:40.909Z",
    "duration": 7344,
    "testsRegistered": 1,
    "passPercent": 0,
    "pendingPercent": 0,
    "other": 0,
    "hasOther": false,
    "skipped": 0,
    "hasSkipped": false
  },
  "results": [
    {
      "uuid": "1a76ed01-ba31-43ab-ac31-ec9039e5b042",
      "title": "",
      "fullFile": "cypress/e2e/1-getting-started/dwonload.cy.js",
      "file": "cypress/e2e/1-getting-started/dwonload.cy.js",
      "beforeHooks": [],
      "afterHooks": [],
      "tests": [],
      "suites": [
        {
          "uuid": "77133631-7495-4fda-9cad-19e4a5d1fe01",
          "title": "example radio app",
          "fullFile": "",
          "file": "",
          "beforeHooks": [],
          "afterHooks": [],
          "tests": [
            {
              "title": "check radio button",
              "fullTitle": "example radio app check radio button",
              "timedOut": null,
              "duration": 5842,
              "state": "failed",
              "speed": null,
              "pass": false,
              "fail": true,
              "pending": false,
              "context": null,
              "code": "cy.visit('https://practice.expandtesting.com/download');\ncy.contains('1726469705328_signature.png').click();\nconst filePath = \"cypress/downloads/1726469705328_signature.png\";\ncy.readFile(filePath).should('exist');",
              "err": {
                "message": "AssertionError: Timed out retrying after 4000ms: Expected to find content: '1726469705328_signature.png' but never did.",
                "estack": "AssertionError: Timed out retrying after 4000ms: Expected to find content: '1726469705328_signature.png' but never did.\n    at Context.eval (webpack://cypress/./cypress/e2e/1-getting-started/dwonload.cy.js:9:11)",
                "diff": null
              },
              "uuid": "6f048d70-7dd9-4263-b651-31010661f066",
              "parentUUID": "77133631-7495-4fda-9cad-19e4a5d1fe01",
              "isHook": false,
              "skipped": false
            }
          ],
          "suites": [],
          "passes": [],
          "failures": [
            "6f048d70-7dd9-4263-b651-31010661f066"
          ],
          "pending": [],
          "skipped": [],
          "duration": 5842,
          "root": false,
          "rootEmpty": false,
          "_timeout": 2000
        }
      ],
      "passes": [],
      "failures": [],
      "pending": [],
      "skipped": [],
      "duration": 0,
      "root": true,
      "rootEmpty": true,
      "_timeout": 2000
    }
  ],
  "meta": {
    "mocha": {
      "version": "7.0.1"
    },
    "mochawesome": {
      "options": {
        "quiet": false,
        "reportFilename": "mochawesome",
        "saveHtml": true,
        "saveJson": true,
        "consoleReporter": "spec",
        "useInlineDiffs": false,
        "code": true
      },
      "version": "7.1.3"
    },
    "marge": {
      "options": {
        "reportDir": "cypress/reports/mocha",
        "overwrite": false,
        "html": true,
        "json": true
      },
      "version": "6.2.0"
    }
  }
}