{
  "stats": {
    "suites": 1,
    "tests": 3,
    "passes": 3,
    "pending": 0,
    "failures": 0,
    "start": "2024-10-25T03:09:57.794Z",
    "end": "2024-10-25T03:10:26.979Z",
    "duration": 29185,
    "testsRegistered": 3,
    "passPercent": 100,
    "pendingPercent": 0,
    "other": 0,
    "hasOther": false,
    "skipped": 0,
    "hasSkipped": false
  },
  "results": [
    {
      "uuid": "26cfa376-303d-43ce-bf71-173fcba07d09",
      "title": "",
      "fullFile": "cypress/e2e/1-getting-started/newCreateEditAPp.cy.js",
      "file": "cypress/e2e/1-getting-started/newCreateEditAPp.cy.js",
      "beforeHooks": [],
      "afterHooks": [],
      "tests": [],
      "suites": [
        {
          "uuid": "c57bee73-ee36-4d22-bf21-4644234f6b87",
          "title": "Login to notes app",
          "fullFile": "",
          "file": "",
          "beforeHooks": [],
          "afterHooks": [],
          "tests": [
            {
              "title": "Create a new note",
              "fullTitle": "Login to notes app Create a new note",
              "timedOut": null,
              "duration": 6010,
              "state": "passed",
              "speed": "medium",
              "pass": true,
              "fail": false,
              "pending": false,
              "context": null,
              "code": "notespage.ClickOnAddNotesButton();\nnotespage.AddTitleformates(createNotes.title);\nnotespage.AddDescriptionfornotes(createNotes.description);\nnotespage.ClickOnCreateNotesButton();",
              "err": {},
              "uuid": "fea156e1-9d56-4b49-b961-c76832458e7e",
              "parentUUID": "c57bee73-ee36-4d22-bf21-4644234f6b87",
              "isHook": false,
              "skipped": false
            },
            {
              "title": "edit a new note",
              "fullTitle": "Login to notes app edit a new note",
              "timedOut": null,
              "duration": 10818,
              "state": "passed",
              "speed": "slow",
              "pass": true,
              "fail": false,
              "pending": false,
              "context": null,
              "code": "cy.wait(5000);\nnotespage.ClickOnEditButton();\nnotespage.AddTitleformates(updateNotes.title);\nnotespage.AddDescriptionfornotes(createNotes.description);\nnotespage.ClickOnSaveButton();",
              "err": {},
              "uuid": "4e07c65d-bf5b-4e7a-b592-b5c52def9c7b",
              "parentUUID": "c57bee73-ee36-4d22-bf21-4644234f6b87",
              "isHook": false,
              "skipped": false
            },
            {
              "title": "delete a note",
              "fullTitle": "Login to notes app delete a note",
              "timedOut": null,
              "duration": 10536,
              "state": "passed",
              "speed": "slow",
              "pass": true,
              "fail": false,
              "pending": false,
              "context": null,
              "code": "cy.wait(5000);\nnotespage.ClickOnDeleteNoteButton();\nnotespage.ClickOnConfirmDeleteButton();",
              "err": {},
              "uuid": "988fb629-4815-4f0d-bc37-8ab563eef0b4",
              "parentUUID": "c57bee73-ee36-4d22-bf21-4644234f6b87",
              "isHook": false,
              "skipped": false
            }
          ],
          "suites": [],
          "passes": [
            "fea156e1-9d56-4b49-b961-c76832458e7e",
            "4e07c65d-bf5b-4e7a-b592-b5c52def9c7b",
            "988fb629-4815-4f0d-bc37-8ab563eef0b4"
          ],
          "failures": [],
          "pending": [],
          "skipped": [],
          "duration": 27364,
          "root": false,
          "rootEmpty": false,
          "_timeout": 2000
        }
      ],
      "passes": [],
      "failures": [],
      "pending": [],
      "skipped": [],
      "duration": 0,
      "root": true,
      "rootEmpty": true,
      "_timeout": 2000
    }
  ],
  "meta": {
    "mocha": {
      "version": "7.0.1"
    },
    "mochawesome": {
      "options": {
        "quiet": false,
        "reportFilename": "mochawesome",
        "saveHtml": true,
        "saveJson": true,
        "consoleReporter": "spec",
        "useInlineDiffs": false,
        "code": true
      },
      "version": "7.1.3"
    },
    "marge": {
      "options": {
        "reportDir": "cypress/reports/mocha",
        "overwrite": false,
        "html": true,
        "json": true
      },
      "version": "6.2.0"
    }
  }
}