{
  "stats": {
    "suites": 1,
    "tests": 2,
    "passes": 2,
    "pending": 0,
    "failures": 0,
    "start": "2024-10-25T03:05:42.261Z",
    "end": "2024-10-25T03:05:48.812Z",
    "duration": 6551,
    "testsRegistered": 2,
    "passPercent": 100,
    "pendingPercent": 0,
    "other": 0,
    "hasOther": false,
    "skipped": 0,
    "hasSkipped": false
  },
  "results": [
    {
      "uuid": "c8a5b395-b58b-480b-8292-5b159cf6eb38",
      "title": "",
      "fullFile": "cypress/e2e/1-getting-started/bmiClass.cy.js",
      "file": "cypress/e2e/1-getting-started/bmiClass.cy.js",
      "beforeHooks": [],
      "afterHooks": [],
      "tests": [],
      "suites": [
        {
          "uuid": "acb22f84-9a11-4e43-a0f9-df8c80467835",
          "title": "BMI Calculator",
          "fullFile": "",
          "file": "",
          "beforeHooks": [],
          "afterHooks": [],
          "tests": [
            {
              "title": "should calculate BMI",
              "fullTitle": "BMI Calculator should calculate BMI",
              "timedOut": null,
              "duration": 2756,
              "state": "passed",
              "speed": "fast",
              "pass": true,
              "fail": false,
              "pending": false,
              "context": null,
              "code": "bmi.selectGender(bmiData.gender);\nbmi.enterAge(bmiData.age);\nbmi.enterWeight(bmiData.weight);\nbmi.enterHeight(bmiData.height);\nbmi.calculateBMI();\nbmi.assertBMIReport(bmiData);",
              "err": {},
              "uuid": "92f01e35-25aa-4e8d-9caa-cf2d0e5f2f4c",
              "parentUUID": "acb22f84-9a11-4e43-a0f9-df8c80467835",
              "isHook": false,
              "skipped": false
            },
            {
              "title": "should calculate correct BMI",
              "fullTitle": "BMI Calculator should calculate correct BMI",
              "timedOut": null,
              "duration": 2229,
              "state": "passed",
              "speed": "fast",
              "pass": true,
              "fail": false,
              "pending": false,
              "context": null,
              "code": "const genderData = [\"Male\", \"Female\"];\nconst randomBMiData = {\n  //age between 15 and 70\n  age: Math.floor(Math.random() * 55) + 15,\n  //weight between 40 and 150\n  weight: Math.floor(Math.random() * 110) + 40,\n  //height between 140 and 200\n  height: Math.floor(Math.random() * 60) + 140,\n  // gender male or female\n  gender: genderData[Math.floor(Math.random() * 2)]\n};\nbmi.selectGender(randomBMiData.gender);\nbmi.enterAge(randomBMiData.age);\nbmi.enterWeight(randomBMiData.weight);\nbmi.enterHeight(randomBMiData.height);\nbmi.calculateBMI();\nbmi.assertBMIReport(randomBMiData);\nbmi.checkBmiValue(randomBMiData);",
              "err": {},
              "uuid": "09593ed0-23ef-42d4-8557-140bf5c1799b",
              "parentUUID": "acb22f84-9a11-4e43-a0f9-df8c80467835",
              "isHook": false,
              "skipped": false
            }
          ],
          "suites": [],
          "passes": [
            "92f01e35-25aa-4e8d-9caa-cf2d0e5f2f4c",
            "09593ed0-23ef-42d4-8557-140bf5c1799b"
          ],
          "failures": [],
          "pending": [],
          "skipped": [],
          "duration": 4985,
          "root": false,
          "rootEmpty": false,
          "_timeout": 2000
        }
      ],
      "passes": [],
      "failures": [],
      "pending": [],
      "skipped": [],
      "duration": 0,
      "root": true,
      "rootEmpty": true,
      "_timeout": 2000
    }
  ],
  "meta": {
    "mocha": {
      "version": "7.0.1"
    },
    "mochawesome": {
      "options": {
        "quiet": false,
        "reportFilename": "mochawesome",
        "saveHtml": true,
        "saveJson": true,
        "consoleReporter": "spec",
        "useInlineDiffs": false,
        "code": true
      },
      "version": "7.1.3"
    },
    "marge": {
      "options": {
        "reportDir": "cypress/reports/mocha",
        "overwrite": false,
        "html": true,
        "json": true
      },
      "version": "6.2.0"
    }
  }
}