{
  "stats": {
    "suites": 1,
    "tests": 1,
    "passes": 0,
    "pending": 0,
    "failures": 1,
    "start": "2024-10-25T03:02:28.562Z",
    "end": "2024-10-25T03:02:36.159Z",
    "duration": 7597,
    "testsRegistered": 1,
    "passPercent": 0,
    "pendingPercent": 0,
    "other": 0,
    "hasOther": false,
    "skipped": 0,
    "hasSkipped": false
  },
  "results": [
    {
      "uuid": "21103fc2-e8ec-454e-ad46-6fc3d14925f6",
      "title": "",
      "fullFile": "cypress/e2e/1-getting-started/radioButton.cy.js",
      "file": "cypress/e2e/1-getting-started/radioButton.cy.js",
      "beforeHooks": [],
      "afterHooks": [],
      "tests": [],
      "suites": [
        {
          "uuid": "a478c8b7-1891-4ebb-91ab-b940a0cb5400",
          "title": "example radio app",
          "fullFile": "",
          "file": "",
          "beforeHooks": [],
          "afterHooks": [],
          "tests": [
            {
              "title": "check radio button",
              "fullTitle": "example radio app check radio button",
              "timedOut": null,
              "duration": 5863,
              "state": "failed",
              "speed": null,
              "pass": false,
              "fail": true,
              "pending": false,
              "context": null,
              "code": "cy.visit('https://practice.expandtesting.com/radio-buttons');\ncy.get('.card-header').contains('Select your favorite color:').find('~div.card-body #red').check();\ncy.get('.card-header').contains('Select your favorite sport:').find('~div.card-body #Football').check();",
              "err": {
                "message": "AssertionError: Timed out retrying after 4000ms: Expected to find element: `~div.card-body #Football`, but never found it. Queried from:\n\n              > cy.get(.card-header).contains(Select your favorite sport:)",
                "estack": "AssertionError: Timed out retrying after 4000ms: Expected to find element: `~div.card-body #Football`, but never found it. Queried from:\n\n              > cy.get(.card-header).contains(Select your favorite sport:)\n    at Context.eval (webpack://cypress/./cypress/e2e/1-getting-started/radioButton.cy.js:10:71)",
                "diff": null
              },
              "uuid": "6c169a2c-7d8a-498a-bd50-d8494383dd48",
              "parentUUID": "a478c8b7-1891-4ebb-91ab-b940a0cb5400",
              "isHook": false,
              "skipped": false
            }
          ],
          "suites": [],
          "passes": [],
          "failures": [
            "6c169a2c-7d8a-498a-bd50-d8494383dd48"
          ],
          "pending": [],
          "skipped": [],
          "duration": 5863,
          "root": false,
          "rootEmpty": false,
          "_timeout": 2000
        }
      ],
      "passes": [],
      "failures": [],
      "pending": [],
      "skipped": [],
      "duration": 0,
      "root": true,
      "rootEmpty": true,
      "_timeout": 2000
    }
  ],
  "meta": {
    "mocha": {
      "version": "7.0.1"
    },
    "mochawesome": {
      "options": {
        "quiet": false,
        "reportFilename": "mochawesome",
        "saveHtml": true,
        "saveJson": true,
        "consoleReporter": "spec",
        "useInlineDiffs": false,
        "code": true
      },
      "version": "7.1.3"
    },
    "marge": {
      "options": {
        "reportDir": "cypress/reports/mocha",
        "overwrite": false,
        "html": true,
        "json": true
      },
      "version": "6.2.0"
    }
  }
}