{
  "stats": {
    "suites": 1,
    "tests": 3,
    "passes": 3,
    "pending": 0,
    "failures": 0,
    "start": "2024-10-25T03:20:21.740Z",
    "end": "2024-10-25T03:20:43.951Z",
    "duration": 22211,
    "testsRegistered": 3,
    "passPercent": 100,
    "pendingPercent": 0,
    "other": 0,
    "hasOther": false,
    "skipped": 0,
    "hasSkipped": false
  },
  "results": [
    {
      "uuid": "4b28b199-36e7-463c-b605-32bcaa7488ae",
      "title": "",
      "fullFile": "cypress/e2e/1-getting-started/newLogin.cy.js",
      "file": "cypress/e2e/1-getting-started/newLogin.cy.js",
      "beforeHooks": [],
      "afterHooks": [],
      "tests": [],
      "suites": [
        {
          "uuid": "b7c550b7-ac72-485e-aa4c-77c9e185267f",
          "title": "login using command",
          "fullFile": "",
          "file": "",
          "beforeHooks": [],
          "afterHooks": [],
          "tests": [
            {
              "title": "Create a new note",
              "fullTitle": "login using command Create a new note",
              "timedOut": null,
              "duration": 4981,
              "state": "passed",
              "speed": "fast",
              "pass": true,
              "fail": false,
              "pending": false,
              "context": null,
              "code": "notespage.ClickOnAddNotesButton();\nnotespage.AddTitleformates('note1');\nnotespage.AddDescriptionfornotes('New Description');\nnotespage.ClickOnCreateNotesButton();",
              "err": {},
              "uuid": "7fccfd79-451b-4212-acee-bf1888937fef",
              "parentUUID": "b7c550b7-ac72-485e-aa4c-77c9e185267f",
              "isHook": false,
              "skipped": false
            },
            {
              "title": "edit a new note",
              "fullTitle": "login using command edit a new note",
              "timedOut": null,
              "duration": 7530,
              "state": "passed",
              "speed": "medium",
              "pass": true,
              "fail": false,
              "pending": false,
              "context": null,
              "code": "cy.wait(5000);\nnotespage.ClickOnEditButton();\nnotespage.AddTitleformates('noteseditor');\nnotespage.AddDescriptionfornotes(\"Updated Description\");\nnotespage.ClickOnSaveButton();",
              "err": {},
              "uuid": "f904f97e-8f1c-40b0-9c86-1ad25c1e105c",
              "parentUUID": "b7c550b7-ac72-485e-aa4c-77c9e185267f",
              "isHook": false,
              "skipped": false
            },
            {
              "title": "delete a note",
              "fullTitle": "login using command delete a note",
              "timedOut": null,
              "duration": 7403,
              "state": "passed",
              "speed": "medium",
              "pass": true,
              "fail": false,
              "pending": false,
              "context": null,
              "code": "cy.wait(5000);\nnotespage.ClickOnDeleteNoteButton();\nnotespage.ClickOnConfirmDeleteButton();",
              "err": {},
              "uuid": "2a22c14a-9488-4ee9-9f95-8097114ae280",
              "parentUUID": "b7c550b7-ac72-485e-aa4c-77c9e185267f",
              "isHook": false,
              "skipped": false
            }
          ],
          "suites": [],
          "passes": [
            "7fccfd79-451b-4212-acee-bf1888937fef",
            "f904f97e-8f1c-40b0-9c86-1ad25c1e105c",
            "2a22c14a-9488-4ee9-9f95-8097114ae280"
          ],
          "failures": [],
          "pending": [],
          "skipped": [],
          "duration": 19914,
          "root": false,
          "rootEmpty": false,
          "_timeout": 2000
        }
      ],
      "passes": [],
      "failures": [],
      "pending": [],
      "skipped": [],
      "duration": 0,
      "root": true,
      "rootEmpty": true,
      "_timeout": 2000
    }
  ],
  "meta": {
    "mocha": {
      "version": "7.0.1"
    },
    "mochawesome": {
      "options": {
        "quiet": false,
        "reportFilename": "mochawesome",
        "saveHtml": true,
        "saveJson": true,
        "consoleReporter": "spec",
        "useInlineDiffs": false,
        "code": true
      },
      "version": "7.1.3"
    },
    "marge": {
      "options": {
        "reportDir": "cypress/reports/mocha",
        "overwrite": false,
        "html": true,
        "json": true
      },
      "version": "6.2.0"
    }
  }
}