{
  "stats": {
    "suites": 1,
    "tests": 1,
    "passes": 1,
    "pending": 0,
    "failures": 0,
    "start": "2024-10-25T03:01:17.289Z",
    "end": "2024-10-25T03:01:21.775Z",
    "duration": 4486,
    "testsRegistered": 1,
    "passPercent": 100,
    "pendingPercent": 0,
    "other": 0,
    "hasOther": false,
    "skipped": 0,
    "hasSkipped": false
  },
  "results": [
    {
      "uuid": "2e048f2a-15b4-41dd-853f-e6e4e3038840",
      "title": "",
      "fullFile": "cypress/e2e/1-getting-started/login.cy.js",
      "file": "cypress/e2e/1-getting-started/login.cy.js",
      "beforeHooks": [],
      "afterHooks": [],
      "tests": [],
      "suites": [
        {
          "uuid": "228cb689-5293-4225-a212-e2b809334a8e",
          "title": "example to-do app",
          "fullFile": "",
          "file": "",
          "beforeHooks": [],
          "afterHooks": [],
          "tests": [
            {
              "title": "verify user gets logged in with valid credentials",
              "fullTitle": "example to-do app verify user gets logged in with valid credentials",
              "timedOut": null,
              "duration": 3083,
              "state": "passed",
              "speed": "fast",
              "pass": true,
              "fail": false,
              "pending": false,
              "context": null,
              "code": "cy.get('#email').type('bishal+1@nextlevelvalue.nl');\ncy.get('#password').type('Bishal@68');\ncy.get('.btn-primary').click();",
              "err": {},
              "uuid": "5e3bc036-c3c5-4c8d-947d-98b2bc080cce",
              "parentUUID": "228cb689-5293-4225-a212-e2b809334a8e",
              "isHook": false,
              "skipped": false
            }
          ],
          "suites": [],
          "passes": [
            "5e3bc036-c3c5-4c8d-947d-98b2bc080cce"
          ],
          "failures": [],
          "pending": [],
          "skipped": [],
          "duration": 3083,
          "root": false,
          "rootEmpty": false,
          "_timeout": 2000
        }
      ],
      "passes": [],
      "failures": [],
      "pending": [],
      "skipped": [],
      "duration": 0,
      "root": true,
      "rootEmpty": true,
      "_timeout": 2000
    }
  ],
  "meta": {
    "mocha": {
      "version": "7.0.1"
    },
    "mochawesome": {
      "options": {
        "quiet": false,
        "reportFilename": "mochawesome",
        "saveHtml": true,
        "saveJson": true,
        "consoleReporter": "spec",
        "useInlineDiffs": false,
        "code": true
      },
      "version": "7.1.3"
    },
    "marge": {
      "options": {
        "reportDir": "cypress/reports/mocha",
        "overwrite": false,
        "html": true,
        "json": true
      },
      "version": "6.2.0"
    }
  }
}