{
  "stats": {
    "suites": 1,
    "tests": 3,
    "passes": 3,
    "pending": 0,
    "failures": 0,
    "start": "2024-10-23T03:31:37.834Z",
    "end": "2024-10-23T03:32:03.692Z",
    "duration": 25858,
    "testsRegistered": 3,
    "passPercent": 100,
    "pendingPercent": 0,
    "other": 0,
    "hasOther": false,
    "skipped": 0,
    "hasSkipped": false
  },
  "results": [
    {
      "uuid": "85020929-d8f3-404b-a410-9e453a84d4a6",
      "title": "",
      "fullFile": "cypress/e2e/1-getting-started/newCreateEditAPp.cy.js",
      "file": "cypress/e2e/1-getting-started/newCreateEditAPp.cy.js",
      "beforeHooks": [],
      "afterHooks": [],
      "tests": [],
      "suites": [
        {
          "uuid": "4508a2d1-3e77-4b98-8467-33ce65699686",
          "title": "Login to notes app",
          "fullFile": "",
          "file": "",
          "beforeHooks": [],
          "afterHooks": [],
          "tests": [
            {
              "title": "Create a new note",
              "fullTitle": "Login to notes app Create a new note",
              "timedOut": null,
              "duration": 5671,
              "state": "passed",
              "speed": "medium",
              "pass": true,
              "fail": false,
              "pending": false,
              "context": null,
              "code": "notespage.ClickOnAddNotesButton();\nnotespage.AddTitleformates(createNotes.title);\nnotespage.AddDescriptionfornotes(createNotes.description);\nnotespage.ClickOnCreateNotesButton();",
              "err": {},
              "uuid": "3e2b111f-9382-467e-a338-841a8d7424d9",
              "parentUUID": "4508a2d1-3e77-4b98-8467-33ce65699686",
              "isHook": false,
              "skipped": false
            },
            {
              "title": "edit a new note",
              "fullTitle": "Login to notes app edit a new note",
              "timedOut": null,
              "duration": 9533,
              "state": "passed",
              "speed": "medium",
              "pass": true,
              "fail": false,
              "pending": false,
              "context": null,
              "code": "cy.wait(5000);\nnotespage.ClickOnEditButton();\nnotespage.AddTitleformates(updateNotes.title);\nnotespage.AddDescriptionfornotes(createNotes.description);\nnotespage.ClickOnSaveButton();",
              "err": {},
              "uuid": "53360cdd-d21e-4e48-9ac9-9272bd311519",
              "parentUUID": "4508a2d1-3e77-4b98-8467-33ce65699686",
              "isHook": false,
              "skipped": false
            },
            {
              "title": "delete a note",
              "fullTitle": "Login to notes app delete a note",
              "timedOut": null,
              "duration": 9113,
              "state": "passed",
              "speed": "medium",
              "pass": true,
              "fail": false,
              "pending": false,
              "context": null,
              "code": "cy.wait(5000);\nnotespage.ClickOnDeleteNoteButton();\nnotespage.ClickOnConfirmDeleteButton();",
              "err": {},
              "uuid": "73973273-a833-4741-b4d3-1e4007170653",
              "parentUUID": "4508a2d1-3e77-4b98-8467-33ce65699686",
              "isHook": false,
              "skipped": false
            }
          ],
          "suites": [],
          "passes": [
            "3e2b111f-9382-467e-a338-841a8d7424d9",
            "53360cdd-d21e-4e48-9ac9-9272bd311519",
            "73973273-a833-4741-b4d3-1e4007170653"
          ],
          "failures": [],
          "pending": [],
          "skipped": [],
          "duration": 24317,
          "root": false,
          "rootEmpty": false,
          "_timeout": 2000
        }
      ],
      "passes": [],
      "failures": [],
      "pending": [],
      "skipped": [],
      "duration": 0,
      "root": true,
      "rootEmpty": true,
      "_timeout": 2000
    }
  ],
  "meta": {
    "mocha": {
      "version": "7.0.1"
    },
    "mochawesome": {
      "options": {
        "quiet": false,
        "reportFilename": "mochawesome",
        "saveHtml": true,
        "saveJson": true,
        "consoleReporter": "spec",
        "useInlineDiffs": false,
        "code": true
      },
      "version": "7.1.3"
    },
    "marge": {
      "options": {
        "reportDir": "cypress/reports/mocha",
        "overwrite": false,
        "html": true,
        "json": true
      },
      "version": "6.2.0"
    }
  }
}