{
  "stats": {
    "suites": 1,
    "tests": 2,
    "passes": 2,
    "pending": 0,
    "failures": 0,
    "start": "2024-10-23T03:30:38.923Z",
    "end": "2024-10-23T03:30:45.378Z",
    "duration": 6455,
    "testsRegistered": 2,
    "passPercent": 100,
    "pendingPercent": 0,
    "other": 0,
    "hasOther": false,
    "skipped": 0,
    "hasSkipped": false
  },
  "results": [
    {
      "uuid": "97f04080-442b-49bf-814f-5e2f2b9b2560",
      "title": "",
      "fullFile": "cypress/e2e/1-getting-started/bmiClass.cy.js",
      "file": "cypress/e2e/1-getting-started/bmiClass.cy.js",
      "beforeHooks": [],
      "afterHooks": [],
      "tests": [],
      "suites": [
        {
          "uuid": "8a403d9a-64be-49f6-bf32-6fbc1e0dfb51",
          "title": "BMI Calculator",
          "fullFile": "",
          "file": "",
          "beforeHooks": [],
          "afterHooks": [],
          "tests": [
            {
              "title": "should calculate BMI",
              "fullTitle": "BMI Calculator should calculate BMI",
              "timedOut": null,
              "duration": 2587,
              "state": "passed",
              "speed": "fast",
              "pass": true,
              "fail": false,
              "pending": false,
              "context": null,
              "code": "bmi.selectGender(bmiData.gender);\nbmi.enterAge(bmiData.age);\nbmi.enterWeight(bmiData.weight);\nbmi.enterHeight(bmiData.height);\nbmi.calculateBMI();\nbmi.assertBMIReport(bmiData);",
              "err": {},
              "uuid": "34373b79-54b1-4038-a23f-e7b3bc90e2fe",
              "parentUUID": "8a403d9a-64be-49f6-bf32-6fbc1e0dfb51",
              "isHook": false,
              "skipped": false
            },
            {
              "title": "should calculate correct BMI",
              "fullTitle": "BMI Calculator should calculate correct BMI",
              "timedOut": null,
              "duration": 2094,
              "state": "passed",
              "speed": "fast",
              "pass": true,
              "fail": false,
              "pending": false,
              "context": null,
              "code": "const genderData = [\"Male\", \"Female\"];\nconst randomBMiData = {\n  //age between 15 and 70\n  age: Math.floor(Math.random() * 55) + 15,\n  //weight between 40 and 150\n  weight: Math.floor(Math.random() * 110) + 40,\n  //height between 140 and 200\n  height: Math.floor(Math.random() * 60) + 140,\n  // gender male or female\n  gender: genderData[Math.floor(Math.random() * 2)]\n};\nbmi.selectGender(randomBMiData.gender);\nbmi.enterAge(randomBMiData.age);\nbmi.enterWeight(randomBMiData.weight);\nbmi.enterHeight(randomBMiData.height);\nbmi.calculateBMI();\nbmi.assertBMIReport(randomBMiData);\nbmi.checkBmiValue(randomBMiData);",
              "err": {},
              "uuid": "871487d2-ab53-4c74-bc03-4d03679e4339",
              "parentUUID": "8a403d9a-64be-49f6-bf32-6fbc1e0dfb51",
              "isHook": false,
              "skipped": false
            }
          ],
          "suites": [],
          "passes": [
            "34373b79-54b1-4038-a23f-e7b3bc90e2fe",
            "871487d2-ab53-4c74-bc03-4d03679e4339"
          ],
          "failures": [],
          "pending": [],
          "skipped": [],
          "duration": 4681,
          "root": false,
          "rootEmpty": false,
          "_timeout": 2000
        }
      ],
      "passes": [],
      "failures": [],
      "pending": [],
      "skipped": [],
      "duration": 0,
      "root": true,
      "rootEmpty": true,
      "_timeout": 2000
    }
  ],
  "meta": {
    "mocha": {
      "version": "7.0.1"
    },
    "mochawesome": {
      "options": {
        "quiet": false,
        "reportFilename": "mochawesome",
        "saveHtml": true,
        "saveJson": true,
        "consoleReporter": "spec",
        "useInlineDiffs": false,
        "code": true
      },
      "version": "7.1.3"
    },
    "marge": {
      "options": {
        "reportDir": "cypress/reports/mocha",
        "overwrite": false,
        "html": true,
        "json": true
      },
      "version": "6.2.0"
    }
  }
}