{
  "stats": {
    "suites": 1,
    "tests": 3,
    "passes": 3,
    "pending": 0,
    "failures": 0,
    "start": "2024-10-25T03:10:51.487Z",
    "end": "2024-10-25T03:11:18.685Z",
    "duration": 27198,
    "testsRegistered": 3,
    "passPercent": 100,
    "pendingPercent": 0,
    "other": 0,
    "hasOther": false,
    "skipped": 0,
    "hasSkipped": false
  },
  "results": [
    {
      "uuid": "25e49493-46fe-405f-92e9-ae48c9249042",
      "title": "",
      "fullFile": "cypress/e2e/1-getting-started/newCreateEditAPp.cy.js",
      "file": "cypress/e2e/1-getting-started/newCreateEditAPp.cy.js",
      "beforeHooks": [],
      "afterHooks": [],
      "tests": [],
      "suites": [
        {
          "uuid": "864654a1-ee3b-4612-8f1d-f201aad8a27c",
          "title": "Login to notes app",
          "fullFile": "",
          "file": "",
          "beforeHooks": [],
          "afterHooks": [],
          "tests": [
            {
              "title": "Create a new note",
              "fullTitle": "Login to notes app Create a new note",
              "timedOut": null,
              "duration": 5832,
              "state": "passed",
              "speed": "medium",
              "pass": true,
              "fail": false,
              "pending": false,
              "context": null,
              "code": "notespage.ClickOnAddNotesButton();\nnotespage.AddTitleformates(createNotes.title);\nnotespage.AddDescriptionfornotes(createNotes.description);\nnotespage.ClickOnCreateNotesButton();",
              "err": {},
              "uuid": "31b91a06-da8a-4daa-94d2-c22b21bc52a8",
              "parentUUID": "864654a1-ee3b-4612-8f1d-f201aad8a27c",
              "isHook": false,
              "skipped": false
            },
            {
              "title": "edit a new note",
              "fullTitle": "Login to notes app edit a new note",
              "timedOut": null,
              "duration": 10073,
              "state": "passed",
              "speed": "slow",
              "pass": true,
              "fail": false,
              "pending": false,
              "context": null,
              "code": "cy.wait(5000);\nnotespage.ClickOnEditButton();\nnotespage.AddTitleformates(updateNotes.title);\nnotespage.AddDescriptionfornotes(createNotes.description);\nnotespage.ClickOnSaveButton();",
              "err": {},
              "uuid": "24f99db2-031b-4580-9d98-cb3400e6f55f",
              "parentUUID": "864654a1-ee3b-4612-8f1d-f201aad8a27c",
              "isHook": false,
              "skipped": false
            },
            {
              "title": "delete a note",
              "fullTitle": "Login to notes app delete a note",
              "timedOut": null,
              "duration": 9587,
              "state": "passed",
              "speed": "medium",
              "pass": true,
              "fail": false,
              "pending": false,
              "context": null,
              "code": "cy.wait(5000);\nnotespage.ClickOnDeleteNoteButton();\nnotespage.ClickOnConfirmDeleteButton();",
              "err": {},
              "uuid": "8e45b05f-d73e-470a-b119-fdd2ad0ea8d4",
              "parentUUID": "864654a1-ee3b-4612-8f1d-f201aad8a27c",
              "isHook": false,
              "skipped": false
            }
          ],
          "suites": [],
          "passes": [
            "31b91a06-da8a-4daa-94d2-c22b21bc52a8",
            "24f99db2-031b-4580-9d98-cb3400e6f55f",
            "8e45b05f-d73e-470a-b119-fdd2ad0ea8d4"
          ],
          "failures": [],
          "pending": [],
          "skipped": [],
          "duration": 25492,
          "root": false,
          "rootEmpty": false,
          "_timeout": 2000
        }
      ],
      "passes": [],
      "failures": [],
      "pending": [],
      "skipped": [],
      "duration": 0,
      "root": true,
      "rootEmpty": true,
      "_timeout": 2000
    }
  ],
  "meta": {
    "mocha": {
      "version": "7.0.1"
    },
    "mochawesome": {
      "options": {
        "quiet": false,
        "reportFilename": "mochawesome",
        "saveHtml": true,
        "saveJson": true,
        "consoleReporter": "spec",
        "useInlineDiffs": false,
        "code": true
      },
      "version": "7.1.3"
    },
    "marge": {
      "options": {
        "reportDir": "cypress/reports/mocha",
        "overwrite": false,
        "html": true,
        "json": true
      },
      "version": "6.2.0"
    }
  }
}