{
  "stats": {
    "suites": 1,
    "tests": 2,
    "passes": 0,
    "pending": 0,
    "failures": 2,
    "start": "2024-10-25T03:01:23.147Z",
    "end": "2024-10-25T03:01:35.470Z",
    "duration": 12323,
    "testsRegistered": 2,
    "passPercent": 0,
    "pendingPercent": 0,
    "other": 0,
    "hasOther": false,
    "skipped": 0,
    "hasSkipped": false
  },
  "results": [
    {
      "uuid": "a0efcd59-2df6-45f2-867c-7f8cbcdc673d",
      "title": "",
      "fullFile": "cypress/e2e/1-getting-started/multiplewindows.cy.js",
      "file": "cypress/e2e/1-getting-started/multiplewindows.cy.js",
      "beforeHooks": [],
      "afterHooks": [],
      "tests": [],
      "suites": [
        {
          "uuid": "71ee8361-731a-42b9-b536-0ca41a1d24eb",
          "title": "verify input fields",
          "fullFile": "",
          "file": "",
          "beforeHooks": [],
          "afterHooks": [],
          "tests": [
            {
              "title": "verify multiple tabs",
              "fullTitle": "verify input fields verify multiple tabs",
              "timedOut": null,
              "duration": 5590,
              "state": "failed",
              "speed": null,
              "pass": false,
              "fail": true,
              "pending": false,
              "context": null,
              "code": "cy.visit('https://practice.expandtesting.com/windows');\ncy.get('.div.row>a').invoke('removeAttr', 'target').click();\ncy.get('h1').should('have.text', 'Example of a new window page for Automation Testing Practice');",
              "err": {
                "message": "AssertionError: Timed out retrying after 4000ms: Expected to find element: `.div.row>a`, but never found it.",
                "estack": "AssertionError: Timed out retrying after 4000ms: Expected to find element: `.div.row>a`, but never found it.\n    at Context.eval (webpack://cypress/./cypress/e2e/1-getting-started/multiplewindows.cy.js:5:15)",
                "diff": null
              },
              "uuid": "8f1399e8-95a9-4b13-991c-5e03befbccc1",
              "parentUUID": "71ee8361-731a-42b9-b536-0ca41a1d24eb",
              "isHook": false,
              "skipped": false
            },
            {
              "title": "should display all 6 steps of the scientific method",
              "fullTitle": "verify input fields should display all 6 steps of the scientific method",
              "timedOut": null,
              "duration": 5302,
              "state": "failed",
              "speed": null,
              "pass": false,
              "fail": true,
              "pending": false,
              "context": null,
              "code": "cy.visit('https://practice.expandtesting.com/windows');\ncy.clock();\ncy.get('#discoverScientificMethod').click();\ncy.tick(60000);\ncy.get('[data-testid-\"step1\"]').should('be.visible').and('contain', 'Step 1: Ask a Question');\ncy.get('[data-testid-\"step2\"]').should('be.visible').and('contain', 'Step 2: Do Background Research');\ncy.get('[data-testid-\"step3\"]').should('be.visible').and('contain', 'Step 3: Construct a Hypothesis');\ncy.get('[data-testid-\"step4\"]').should('be.visible').and('contain', 'Step 4: Test Your Hypothesis by Doing an Experiment');\ncy.get('[data-testid-\"step5\"]').should('be.visible').and('contain', 'Step 5: Analyze Your Data and Draw a Conclusion');\ncy.get('[data-testid-\"step6\"]').should('be.visible').and('contain', 'Step 6: Communicate Your Results');",
              "err": {
                "message": "AssertionError: Timed out retrying after 4000ms: Expected to find element: `#discoverScientificMethod`, but never found it.",
                "estack": "AssertionError: Timed out retrying after 4000ms: Expected to find element: `#discoverScientificMethod`, but never found it.\n    at Context.eval (webpack://cypress/./cypress/e2e/1-getting-started/multiplewindows.cy.js:15:11)",
                "diff": null
              },
              "uuid": "3c1a8b66-daaa-428b-bf66-63914df3f926",
              "parentUUID": "71ee8361-731a-42b9-b536-0ca41a1d24eb",
              "isHook": false,
              "skipped": false
            }
          ],
          "suites": [],
          "passes": [],
          "failures": [
            "8f1399e8-95a9-4b13-991c-5e03befbccc1",
            "3c1a8b66-daaa-428b-bf66-63914df3f926"
          ],
          "pending": [],
          "skipped": [],
          "duration": 10892,
          "root": false,
          "rootEmpty": false,
          "_timeout": 2000
        }
      ],
      "passes": [],
      "failures": [],
      "pending": [],
      "skipped": [],
      "duration": 0,
      "root": true,
      "rootEmpty": true,
      "_timeout": 2000
    }
  ],
  "meta": {
    "mocha": {
      "version": "7.0.1"
    },
    "mochawesome": {
      "options": {
        "quiet": false,
        "reportFilename": "mochawesome",
        "saveHtml": true,
        "saveJson": true,
        "consoleReporter": "spec",
        "useInlineDiffs": false,
        "code": true
      },
      "version": "7.1.3"
    },
    "marge": {
      "options": {
        "reportDir": "cypress/reports/mocha",
        "overwrite": false,
        "html": true,
        "json": true
      },
      "version": "6.2.0"
    }
  }
}