{
  "stats": {
    "suites": 1,
    "tests": 1,
    "passes": 1,
    "pending": 0,
    "failures": 0,
    "start": "2024-10-23T03:31:18.051Z",
    "end": "2024-10-23T03:31:22.404Z",
    "duration": 4353,
    "testsRegistered": 1,
    "passPercent": 100,
    "pendingPercent": 0,
    "other": 0,
    "hasOther": false,
    "skipped": 0,
    "hasSkipped": false
  },
  "results": [
    {
      "uuid": "489f7229-b286-4f99-b247-18b965004fb4",
      "title": "",
      "fullFile": "cypress/e2e/1-getting-started/login.cy.js",
      "file": "cypress/e2e/1-getting-started/login.cy.js",
      "beforeHooks": [],
      "afterHooks": [],
      "tests": [],
      "suites": [
        {
          "uuid": "451005e4-2999-4d14-a644-bb65fc754aed",
          "title": "example to-do app",
          "fullFile": "",
          "file": "",
          "beforeHooks": [],
          "afterHooks": [],
          "tests": [
            {
              "title": "verify user gets logged in with valid credentials",
              "fullTitle": "example to-do app verify user gets logged in with valid credentials",
              "timedOut": null,
              "duration": 2900,
              "state": "passed",
              "speed": "fast",
              "pass": true,
              "fail": false,
              "pending": false,
              "context": null,
              "code": "cy.get('#email').type('bishal+1@nextlevelvalue.nl');\ncy.get('#password').type('Bishal@68');\ncy.get('.btn-primary').click();",
              "err": {},
              "uuid": "4bba7560-694f-4567-b864-e8f5c3a80cb8",
              "parentUUID": "451005e4-2999-4d14-a644-bb65fc754aed",
              "isHook": false,
              "skipped": false
            }
          ],
          "suites": [],
          "passes": [
            "4bba7560-694f-4567-b864-e8f5c3a80cb8"
          ],
          "failures": [],
          "pending": [],
          "skipped": [],
          "duration": 2900,
          "root": false,
          "rootEmpty": false,
          "_timeout": 2000
        }
      ],
      "passes": [],
      "failures": [],
      "pending": [],
      "skipped": [],
      "duration": 0,
      "root": true,
      "rootEmpty": true,
      "_timeout": 2000
    }
  ],
  "meta": {
    "mocha": {
      "version": "7.0.1"
    },
    "mochawesome": {
      "options": {
        "quiet": false,
        "reportFilename": "mochawesome",
        "saveHtml": true,
        "saveJson": true,
        "consoleReporter": "spec",
        "useInlineDiffs": false,
        "code": true
      },
      "version": "7.1.3"
    },
    "marge": {
      "options": {
        "reportDir": "cypress/reports/mocha",
        "overwrite": false,
        "html": true,
        "json": true
      },
      "version": "6.2.0"
    }
  }
}