{
  "stats": {
    "suites": 1,
    "tests": 1,
    "passes": 0,
    "pending": 0,
    "failures": 1,
    "start": "2024-10-23T03:30:56.381Z",
    "end": "2024-10-23T03:31:04.293Z",
    "duration": 7912,
    "testsRegistered": 1,
    "passPercent": 0,
    "pendingPercent": 0,
    "other": 0,
    "hasOther": false,
    "skipped": 0,
    "hasSkipped": false
  },
  "results": [
    {
      "uuid": "c6379982-683d-4e1a-8145-b9dc38b5105c",
      "title": "",
      "fullFile": "cypress/e2e/1-getting-started/dwonload.cy.js",
      "file": "cypress/e2e/1-getting-started/dwonload.cy.js",
      "beforeHooks": [],
      "afterHooks": [],
      "tests": [],
      "suites": [
        {
          "uuid": "5490238c-4490-4f30-8e0b-10f0f7719504",
          "title": "example radio app",
          "fullFile": "",
          "file": "",
          "beforeHooks": [],
          "afterHooks": [],
          "tests": [
            {
              "title": "check radio button",
              "fullTitle": "example radio app check radio button",
              "timedOut": null,
              "duration": 6133,
              "state": "failed",
              "speed": null,
              "pass": false,
              "fail": true,
              "pending": false,
              "context": null,
              "code": "cy.visit('https://practice.expandtesting.com/download');\ncy.contains('1726469705328_signature.png').click();\nconst filePath = \"cypress/downloads/1726469705328_signature.png\";\ncy.readFile(filePath).should('exist');",
              "err": {
                "message": "AssertionError: Timed out retrying after 4000ms: Expected to find content: '1726469705328_signature.png' but never did.",
                "estack": "AssertionError: Timed out retrying after 4000ms: Expected to find content: '1726469705328_signature.png' but never did.\n    at Context.eval (webpack://cypress/./cypress/e2e/1-getting-started/dwonload.cy.js:9:11)",
                "diff": null
              },
              "uuid": "50d6da16-a847-426b-82ad-57af37e646aa",
              "parentUUID": "5490238c-4490-4f30-8e0b-10f0f7719504",
              "isHook": false,
              "skipped": false
            }
          ],
          "suites": [],
          "passes": [],
          "failures": [
            "50d6da16-a847-426b-82ad-57af37e646aa"
          ],
          "pending": [],
          "skipped": [],
          "duration": 6133,
          "root": false,
          "rootEmpty": false,
          "_timeout": 2000
        }
      ],
      "passes": [],
      "failures": [],
      "pending": [],
      "skipped": [],
      "duration": 0,
      "root": true,
      "rootEmpty": true,
      "_timeout": 2000
    }
  ],
  "meta": {
    "mocha": {
      "version": "7.0.1"
    },
    "mochawesome": {
      "options": {
        "quiet": false,
        "reportFilename": "mochawesome",
        "saveHtml": true,
        "saveJson": true,
        "consoleReporter": "spec",
        "useInlineDiffs": false,
        "code": true
      },
      "version": "7.1.3"
    },
    "marge": {
      "options": {
        "reportDir": "cypress/reports/mocha",
        "overwrite": false,
        "html": true,
        "json": true
      },
      "version": "6.2.0"
    }
  }
}