{
  "stats": {
    "suites": 1,
    "tests": 1,
    "passes": 1,
    "pending": 0,
    "failures": 0,
    "start": "2024-10-23T03:26:28.860Z",
    "end": "2024-10-23T03:26:32.500Z",
    "duration": 3640,
    "testsRegistered": 1,
    "passPercent": 100,
    "pendingPercent": 0,
    "other": 0,
    "hasOther": false,
    "skipped": 0,
    "hasSkipped": false
  },
  "results": [
    {
      "uuid": "2955fc29-e199-4523-ad54-fa7c30a0c8c6",
      "title": "",
      "fullFile": "cypress/e2e/1-getting-started/dropdown.cy.js",
      "file": "cypress/e2e/1-getting-started/dropdown.cy.js",
      "beforeHooks": [],
      "afterHooks": [],
      "tests": [],
      "suites": [
        {
          "uuid": "801df488-82b2-4301-8779-d645469c36e1",
          "title": "example radio app",
          "fullFile": "",
          "file": "",
          "beforeHooks": [],
          "afterHooks": [],
          "tests": [
            {
              "title": "check radio button",
              "fullTitle": "example radio app check radio button",
              "timedOut": null,
              "duration": 2123,
              "state": "passed",
              "speed": "fast",
              "pass": true,
              "fail": false,
              "pending": false,
              "context": null,
              "code": "cy.visit('https://practice.expandtesting.com/dropdown');\ncy.get('#dropdown').select('Option 2');\ncy.get('.form-control').select('50');\ncy.get('#country').select('Nepal');",
              "err": {},
              "uuid": "08bb6a96-8ab5-493e-adb6-729568c29860",
              "parentUUID": "801df488-82b2-4301-8779-d645469c36e1",
              "isHook": false,
              "skipped": false
            }
          ],
          "suites": [],
          "passes": [
            "08bb6a96-8ab5-493e-adb6-729568c29860"
          ],
          "failures": [],
          "pending": [],
          "skipped": [],
          "duration": 2123,
          "root": false,
          "rootEmpty": false,
          "_timeout": 2000
        }
      ],
      "passes": [],
      "failures": [],
      "pending": [],
      "skipped": [],
      "duration": 0,
      "root": true,
      "rootEmpty": true,
      "_timeout": 2000
    }
  ],
  "meta": {
    "mocha": {
      "version": "7.0.1"
    },
    "mochawesome": {
      "options": {
        "quiet": false,
        "reportFilename": "mochawesome",
        "saveHtml": true,
        "saveJson": true,
        "consoleReporter": "spec",
        "useInlineDiffs": false,
        "code": true
      },
      "version": "7.1.3"
    },
    "marge": {
      "options": {
        "reportDir": "cypress/reports/mocha",
        "overwrite": false,
        "html": true,
        "json": true
      },
      "version": "6.2.0"
    }
  }
}