{
  "stats": {
    "suites": 1,
    "tests": 3,
    "passes": 2,
    "pending": 1,
    "failures": 0,
    "start": "2024-10-25T03:24:27.769Z",
    "end": "2024-10-25T03:24:42.443Z",
    "duration": 14674,
    "testsRegistered": 3,
    "passPercent": 100,
    "pendingPercent": 33.33333333333333,
    "other": 0,
    "hasOther": false,
    "skipped": 0,
    "hasSkipped": false
  },
  "results": [
    {
      "uuid": "84c850cf-46a8-4e51-8648-ef13e5509af4",
      "title": "",
      "fullFile": "cypress/e2e/1-getting-started/newLogin.cy.js",
      "file": "cypress/e2e/1-getting-started/newLogin.cy.js",
      "beforeHooks": [],
      "afterHooks": [],
      "tests": [],
      "suites": [
        {
          "uuid": "ca4d8cb4-0b64-4583-ae61-d27cade7c651",
          "title": "login using command",
          "fullFile": "",
          "file": "",
          "beforeHooks": [],
          "afterHooks": [],
          "tests": [
            {
              "title": "Create a new note",
              "fullTitle": "login using command Create a new note",
              "timedOut": null,
              "duration": 4901,
              "state": "passed",
              "speed": "fast",
              "pass": true,
              "fail": false,
              "pending": false,
              "context": null,
              "code": "notespage.ClickOnAddNotesButton();\nnotespage.AddTitleformates('note1');\nnotespage.AddDescriptionfornotes('New Description');\nnotespage.ClickOnCreateNotesButton();",
              "err": {},
              "uuid": "ddfcd87a-e92e-4c64-967a-898ce300ed1a",
              "parentUUID": "ca4d8cb4-0b64-4583-ae61-d27cade7c651",
              "isHook": false,
              "skipped": false
            },
            {
              "title": "edit a new note",
              "fullTitle": "login using command edit a new note",
              "timedOut": null,
              "duration": 7511,
              "state": "passed",
              "speed": "medium",
              "pass": true,
              "fail": false,
              "pending": false,
              "context": null,
              "code": "cy.wait(5000);\nnotespage.ClickOnEditButton();\nnotespage.AddTitleformates('noteseditor');\nnotespage.AddDescriptionfornotes(\"Updated Description\");\nnotespage.ClickOnSaveButton();",
              "err": {},
              "uuid": "8f42e0c1-cb7f-4ed1-8ce7-953c31b77ffc",
              "parentUUID": "ca4d8cb4-0b64-4583-ae61-d27cade7c651",
              "isHook": false,
              "skipped": false
            },
            {
              "title": "delete a note",
              "fullTitle": "login using command delete a note",
              "timedOut": null,
              "duration": 0,
              "state": "pending",
              "speed": null,
              "pass": false,
              "fail": false,
              "pending": true,
              "context": null,
              "code": "cy.wait(5000);\nnotespage.ClickOnDeleteNoteButton();\nnotespage.ClickOnConfirmDeleteButton();",
              "err": {},
              "uuid": "d7c09418-0e4c-4a0a-b38d-17c064d0c6f3",
              "parentUUID": "ca4d8cb4-0b64-4583-ae61-d27cade7c651",
              "isHook": false,
              "skipped": false
            }
          ],
          "suites": [],
          "passes": [
            "ddfcd87a-e92e-4c64-967a-898ce300ed1a",
            "8f42e0c1-cb7f-4ed1-8ce7-953c31b77ffc"
          ],
          "failures": [],
          "pending": [
            "d7c09418-0e4c-4a0a-b38d-17c064d0c6f3"
          ],
          "skipped": [],
          "duration": 12412,
          "root": false,
          "rootEmpty": false,
          "_timeout": 2000
        }
      ],
      "passes": [],
      "failures": [],
      "pending": [],
      "skipped": [],
      "duration": 0,
      "root": true,
      "rootEmpty": true,
      "_timeout": 2000
    }
  ],
  "meta": {
    "mocha": {
      "version": "7.0.1"
    },
    "mochawesome": {
      "options": {
        "quiet": false,
        "reportFilename": "mochawesome",
        "saveHtml": true,
        "saveJson": true,
        "consoleReporter": "spec",
        "useInlineDiffs": false,
        "code": true
      },
      "version": "7.1.3"
    },
    "marge": {
      "options": {
        "reportDir": "cypress/reports/mocha",
        "overwrite": false,
        "html": true,
        "json": true
      },
      "version": "6.2.0"
    }
  }
}