{
  "stats": {
    "suites": 1,
    "tests": 1,
    "passes": 1,
    "pending": 0,
    "failures": 0,
    "start": "2024-10-25T03:06:23.022Z",
    "end": "2024-10-25T03:06:27.877Z",
    "duration": 4855,
    "testsRegistered": 1,
    "passPercent": 100,
    "pendingPercent": 0,
    "other": 0,
    "hasOther": false,
    "skipped": 0,
    "hasSkipped": false
  },
  "results": [
    {
      "uuid": "d74df1c5-0f03-4764-87a0-eb662f69fab0",
      "title": "",
      "fullFile": "cypress/e2e/1-getting-started/login.cy.js",
      "file": "cypress/e2e/1-getting-started/login.cy.js",
      "beforeHooks": [],
      "afterHooks": [],
      "tests": [],
      "suites": [
        {
          "uuid": "30907d9d-6bc9-44f2-aaba-9b65c0ac1818",
          "title": "example to-do app",
          "fullFile": "",
          "file": "",
          "beforeHooks": [],
          "afterHooks": [],
          "tests": [
            {
              "title": "verify user gets logged in with valid credentials",
              "fullTitle": "example to-do app verify user gets logged in with valid credentials",
              "timedOut": null,
              "duration": 3156,
              "state": "passed",
              "speed": "fast",
              "pass": true,
              "fail": false,
              "pending": false,
              "context": null,
              "code": "cy.get('#email').type('bishal+1@nextlevelvalue.nl');\ncy.get('#password').type('Bishal@68');\ncy.get('.btn-primary').click();",
              "err": {},
              "uuid": "7415d877-2371-42cf-8076-710cc5df0cd2",
              "parentUUID": "30907d9d-6bc9-44f2-aaba-9b65c0ac1818",
              "isHook": false,
              "skipped": false
            }
          ],
          "suites": [],
          "passes": [
            "7415d877-2371-42cf-8076-710cc5df0cd2"
          ],
          "failures": [],
          "pending": [],
          "skipped": [],
          "duration": 3156,
          "root": false,
          "rootEmpty": false,
          "_timeout": 2000
        }
      ],
      "passes": [],
      "failures": [],
      "pending": [],
      "skipped": [],
      "duration": 0,
      "root": true,
      "rootEmpty": true,
      "_timeout": 2000
    }
  ],
  "meta": {
    "mocha": {
      "version": "7.0.1"
    },
    "mochawesome": {
      "options": {
        "quiet": false,
        "reportFilename": "mochawesome",
        "saveHtml": true,
        "saveJson": true,
        "consoleReporter": "spec",
        "useInlineDiffs": false,
        "code": true
      },
      "version": "7.1.3"
    },
    "marge": {
      "options": {
        "reportDir": "cypress/reports/mocha",
        "overwrite": false,
        "html": true,
        "json": true
      },
      "version": "6.2.0"
    }
  }
}