{
  "stats": {
    "suites": 3,
    "tests": 9,
    "passes": 9,
    "pending": 0,
    "failures": 0,
    "start": "2024-10-23T03:33:34.187Z",
    "end": "2024-10-23T03:33:38.935Z",
    "duration": 4748,
    "testsRegistered": 9,
    "passPercent": 100,
    "pendingPercent": 0,
    "other": 0,
    "hasOther": false,
    "skipped": 0,
    "hasSkipped": false
  },
  "results": [
    {
      "uuid": "b2eeca50-3cff-41a3-8aa9-8423c084d73d",
      "title": "",
      "fullFile": "cypress/e2e/2-advanced-examples/assertions.cy.js",
      "file": "cypress/e2e/2-advanced-examples/assertions.cy.js",
      "beforeHooks": [],
      "afterHooks": [],
      "tests": [],
      "suites": [
        {
          "uuid": "64be0af8-2c1d-4fa2-ae37-acf6f0fc5d68",
          "title": "Assertions",
          "fullFile": "",
          "file": "",
          "beforeHooks": [],
          "afterHooks": [],
          "tests": [],
          "suites": [
            {
              "uuid": "b6654148-d88d-4627-96c4-29fba45bb73e",
              "title": "Implicit Assertions",
              "fullFile": "",
              "file": "",
              "beforeHooks": [],
              "afterHooks": [],
              "tests": [
                {
                  "title": ".should() - make an assertion about the current subject",
                  "fullTitle": "Assertions Implicit Assertions .should() - make an assertion about the current subject",
                  "timedOut": null,
                  "duration": 701,
                  "state": "passed",
                  "speed": "fast",
                  "pass": true,
                  "fail": false,
                  "pending": false,
                  "context": null,
                  "code": "// https://on.cypress.io/should\ncy.get('.assertion-table').find('tbody tr:last').should('have.class', 'success').find('td').first()\n// checking the text of the <td> element in various ways\n.should('have.text', 'Column content').should('contain', 'Column content').should('have.html', 'Column content')\n// chai-jquery uses \"is()\" to check if element matches selector\n.should('match', 'td')\n// to match text content against a regular expression\n// first need to invoke jQuery method text()\n// and then match using regular expression\n.invoke('text').should('match', /column content/i);\n// a better way to check element's text content against a regular expression\n// is to use \"cy.contains\"\n// https://on.cypress.io/contains\ncy.get('.assertion-table').find('tbody tr:last')\n// finds first <td> element with text content matching regular expression\n.contains('td', /column content/i).should('be.visible');\n// for more information about asserting element's text\n// see https://on.cypress.io/using-cypress-faq#How-do-I-get-an-element’s-text-contents",
                  "err": {},
                  "uuid": "402e4a30-e9e4-4dd5-a831-ab869c5bbc97",
                  "parentUUID": "b6654148-d88d-4627-96c4-29fba45bb73e",
                  "isHook": false,
                  "skipped": false
                },
                {
                  "title": ".and() - chain multiple assertions together",
                  "fullTitle": "Assertions Implicit Assertions .and() - chain multiple assertions together",
                  "timedOut": null,
                  "duration": 140,
                  "state": "passed",
                  "speed": "fast",
                  "pass": true,
                  "fail": false,
                  "pending": false,
                  "context": null,
                  "code": "// https://on.cypress.io/and\ncy.get('.assertions-link').should('have.class', 'active').and('have.attr', 'href').and('include', 'cypress.io');",
                  "err": {},
                  "uuid": "16b87975-7a92-4eb2-aa50-dac07a57734e",
                  "parentUUID": "b6654148-d88d-4627-96c4-29fba45bb73e",
                  "isHook": false,
                  "skipped": false
                }
              ],
              "suites": [],
              "passes": [
                "402e4a30-e9e4-4dd5-a831-ab869c5bbc97",
                "16b87975-7a92-4eb2-aa50-dac07a57734e"
              ],
              "failures": [],
              "pending": [],
              "skipped": [],
              "duration": 841,
              "root": false,
              "rootEmpty": false,
              "_timeout": 2000
            },
            {
              "uuid": "24a085f4-35fe-4a9d-a837-fa6219bda633",
              "title": "Explicit Assertions",
              "fullFile": "",
              "file": "",
              "beforeHooks": [],
              "afterHooks": [],
              "tests": [
                {
                  "title": "expect - make an assertion about a specified subject",
                  "fullTitle": "Assertions Explicit Assertions expect - make an assertion about a specified subject",
                  "timedOut": null,
                  "duration": 125,
                  "state": "passed",
                  "speed": "fast",
                  "pass": true,
                  "fail": false,
                  "pending": false,
                  "context": null,
                  "code": "// We can use Chai's BDD style assertions\nexpect(true).to.be.true;\nconst o = {\n  foo: 'bar'\n};\nexpect(o).to.equal(o);\nexpect(o).to.deep.equal({\n  foo: 'bar'\n});\n// matching text using regular expression\nexpect('FooBar').to.match(/bar$/i);",
                  "err": {},
                  "uuid": "d5f96b2a-04a0-4c10-a3a4-96ce8a653322",
                  "parentUUID": "24a085f4-35fe-4a9d-a837-fa6219bda633",
                  "isHook": false,
                  "skipped": false
                },
                {
                  "title": "pass your own callback function to should()",
                  "fullTitle": "Assertions Explicit Assertions pass your own callback function to should()",
                  "timedOut": null,
                  "duration": 140,
                  "state": "passed",
                  "speed": "fast",
                  "pass": true,
                  "fail": false,
                  "pending": false,
                  "context": null,
                  "code": "// Pass a function to should that can have any number\n// of explicit assertions within it.\n// The \".should(cb)\" function will be retried\n// automatically until it passes all your explicit assertions or times out.\ncy.get('.assertions-p').find('p').should($p => {\n  // https://on.cypress.io/$\n  // return an array of texts from all of the p's\n  const texts = $p.map((i, el) => Cypress.$(el).text());\n  // jquery map returns jquery object\n  // and .get() convert this to simple array\n  const paragraphs = texts.get();\n  // array should have length of 3\n  expect(paragraphs, 'has 3 paragraphs').to.have.length(3);\n  // use second argument to expect(...) to provide clear\n  // message with each assertion\n  expect(paragraphs, 'has expected text in each paragraph').to.deep.eq(['Some text from first p', 'More text from second p', 'And even more text from third p']);\n});",
                  "err": {},
                  "uuid": "2e69e512-8ff4-478c-be11-d9b2cabd48a1",
                  "parentUUID": "24a085f4-35fe-4a9d-a837-fa6219bda633",
                  "isHook": false,
                  "skipped": false
                },
                {
                  "title": "finds element by class name regex",
                  "fullTitle": "Assertions Explicit Assertions finds element by class name regex",
                  "timedOut": null,
                  "duration": 141,
                  "state": "passed",
                  "speed": "fast",
                  "pass": true,
                  "fail": false,
                  "pending": false,
                  "context": null,
                  "code": "cy.get('.docs-header').find('div')\n// .should(cb) callback function will be retried\n.should($div => {\n  expect($div).to.have.length(1);\n  const className = $div[0].className;\n  expect(className).to.match(/heading-/);\n})\n// .then(cb) callback is not retried,\n// it either passes or fails\n.then($div => {\n  expect($div, 'text content').to.have.text('Introduction');\n});",
                  "err": {},
                  "uuid": "0b673e45-0816-4931-a4c6-e010cdab648b",
                  "parentUUID": "24a085f4-35fe-4a9d-a837-fa6219bda633",
                  "isHook": false,
                  "skipped": false
                },
                {
                  "title": "can throw any error",
                  "fullTitle": "Assertions Explicit Assertions can throw any error",
                  "timedOut": null,
                  "duration": 130,
                  "state": "passed",
                  "speed": "fast",
                  "pass": true,
                  "fail": false,
                  "pending": false,
                  "context": null,
                  "code": "cy.get('.docs-header').find('div').should($div => {\n  if ($div.length !== 1) {\n    // you can throw your own errors\n    throw new Error('Did not find 1 element');\n  }\n  const className = $div[0].className;\n  if (!className.match(/heading-/)) {\n    throw new Error(`Could not find class \"heading-\" in ${className}`);\n  }\n});",
                  "err": {},
                  "uuid": "60111905-0e6e-4a51-8901-1eec7c37b994",
                  "parentUUID": "24a085f4-35fe-4a9d-a837-fa6219bda633",
                  "isHook": false,
                  "skipped": false
                },
                {
                  "title": "matches unknown text between two elements",
                  "fullTitle": "Assertions Explicit Assertions matches unknown text between two elements",
                  "timedOut": null,
                  "duration": 173,
                  "state": "passed",
                  "speed": "fast",
                  "pass": true,
                  "fail": false,
                  "pending": false,
                  "context": null,
                  "code": "/**\n * Text from the first element.\n * @type {string}\n*/\nlet text;\n/**\n * Normalizes passed text,\n * useful before comparing text with spaces and different capitalization.\n * @param {string} s Text to normalize\n*/\nconst normalizeText = s => s.replace(/\\s/g, '').toLowerCase();\ncy.get('.two-elements').find('.first').then($first => {\n  // save text from the first element\n  text = normalizeText($first.text());\n});\ncy.get('.two-elements').find('.second').should($div => {\n  // we can massage text before comparing\n  const secondText = normalizeText($div.text());\n  expect(secondText, 'second text').to.equal(text);\n});",
                  "err": {},
                  "uuid": "0f4220ea-c859-479b-85ef-c57ab319b4ca",
                  "parentUUID": "24a085f4-35fe-4a9d-a837-fa6219bda633",
                  "isHook": false,
                  "skipped": false
                },
                {
                  "title": "assert - assert shape of an object",
                  "fullTitle": "Assertions Explicit Assertions assert - assert shape of an object",
                  "timedOut": null,
                  "duration": 148,
                  "state": "passed",
                  "speed": "fast",
                  "pass": true,
                  "fail": false,
                  "pending": false,
                  "context": null,
                  "code": "const person = {\n  name: 'Joe',\n  age: 20\n};\nassert.isObject(person, 'value is object');",
                  "err": {},
                  "uuid": "38d32eb0-e7be-4d1b-80c2-b36b0f8d0381",
                  "parentUUID": "24a085f4-35fe-4a9d-a837-fa6219bda633",
                  "isHook": false,
                  "skipped": false
                },
                {
                  "title": "retries the should callback until assertions pass",
                  "fullTitle": "Assertions Explicit Assertions retries the should callback until assertions pass",
                  "timedOut": null,
                  "duration": 1635,
                  "state": "passed",
                  "speed": "fast",
                  "pass": true,
                  "fail": false,
                  "pending": false,
                  "context": null,
                  "code": "cy.get('#random-number').should($div => {\n  const n = parseFloat($div.text());\n  expect(n).to.be.gte(1).and.be.lte(10);\n});",
                  "err": {},
                  "uuid": "b9ddca4b-d96b-44b8-b4cf-0cf80af2142c",
                  "parentUUID": "24a085f4-35fe-4a9d-a837-fa6219bda633",
                  "isHook": false,
                  "skipped": false
                }
              ],
              "suites": [],
              "passes": [
                "d5f96b2a-04a0-4c10-a3a4-96ce8a653322",
                "2e69e512-8ff4-478c-be11-d9b2cabd48a1",
                "0b673e45-0816-4931-a4c6-e010cdab648b",
                "60111905-0e6e-4a51-8901-1eec7c37b994",
                "0f4220ea-c859-479b-85ef-c57ab319b4ca",
                "38d32eb0-e7be-4d1b-80c2-b36b0f8d0381",
                "b9ddca4b-d96b-44b8-b4cf-0cf80af2142c"
              ],
              "failures": [],
              "pending": [],
              "skipped": [],
              "duration": 2492,
              "root": false,
              "rootEmpty": false,
              "_timeout": 2000
            }
          ],
          "passes": [],
          "failures": [],
          "pending": [],
          "skipped": [],
          "duration": 0,
          "root": false,
          "rootEmpty": false,
          "_timeout": 2000
        }
      ],
      "passes": [],
      "failures": [],
      "pending": [],
      "skipped": [],
      "duration": 0,
      "root": true,
      "rootEmpty": true,
      "_timeout": 2000
    }
  ],
  "meta": {
    "mocha": {
      "version": "7.0.1"
    },
    "mochawesome": {
      "options": {
        "quiet": false,
        "reportFilename": "mochawesome",
        "saveHtml": true,
        "saveJson": true,
        "consoleReporter": "spec",
        "useInlineDiffs": false,
        "code": true
      },
      "version": "7.1.3"
    },
    "marge": {
      "options": {
        "reportDir": "cypress/reports/mocha",
        "overwrite": false,
        "html": true,
        "json": true
      },
      "version": "6.2.0"
    }
  }
}